This file contains any messages produced by compilers while
running configure, to aid debugging if configure makes a mistake.

It was created by glog configure 0.3.3, which was
generated by GNU Autoconf 2.68.  Invocation command line was

  $ ./configure --with-unwind=NO

## --------- ##
## Platform. ##
## --------- ##

hostname = marpaia-mbp.dhcp.thefacebook.com
uname -m = x86_64
uname -r = 14.0.0
uname -s = Darwin
uname -v = Darwin Kernel Version 14.0.0: Fri Sep 19 00:26:44 PDT 2014; root:xnu-2782.1.97~2/RELEASE_X86_64

/usr/bin/uname -p = i386
/bin/uname -X     = unknown

/bin/arch              = unknown
/usr/bin/arch -k       = unknown
/usr/convex/getsysinfo = unknown
/usr/bin/hostinfo      = Mach kernel version:
	 Darwin Kernel Version 14.0.0: Fri Sep 19 00:26:44 PDT 2014; root:xnu-2782.1.97~2/RELEASE_X86_64
Kernel configured for up to 8 processors.
4 processors are physically available.
8 processors are logically available.
Processor type: x86_64h (Intel x86-64h Haswell)
Processors active: 0 1 2 3 4 5 6 7
Primary memory available: 16.00 gigabytes
Default processor set: 277 tasks, 1536 threads, 8 processors
Load average: 1.48, Mach factor: 6.51
/bin/machine           = unknown
/usr/bin/oslevel       = unknown
/bin/universe          = unknown

PATH: /Users/marpaia/.opam/system/bin
PATH: /Users/marpaia/Tools/jre1.7.0_40.jre/Contents/Home/bin
PATH: /Users/marpaia/Tools/neo4j-community-2.0.0-M05/bin
PATH: /usr/local/Cellar/php54/5.4.15/bin/
PATH: /usr/local/share/python
PATH: /Users/marpaia/Tools/casper/bin
PATH: /Users/marpaia/pear/bin
PATH: /usr/local/mysql/bin
PATH: /opt/local/bin
PATH: /opt/local/sbin
PATH: /Users/marpaia/bin
PATH: /Users/marpaia/github/phantomjs/bin
PATH: /opt/chef/bin/
PATH: /Users/marpaia/go/bin
PATH: /usr/local/go/bin/
PATH: /Users/marpaia/src/devtools/arcanist/bin
PATH: /opt/facebook/bin
PATH: /usr/local/bin
PATH: /usr/bin
PATH: /bin
PATH: /usr/sbin
PATH: /sbin
PATH: /Users/marpaia/devtools/buck/bin
PATH: /usr/local/git/bin
PATH: /usr/local/MacGPG2/bin
PATH: /usr/local/munki
PATH: /usr/local/ant/bin
PATH: /Users/marpaia/devtools/arcanist/bin
PATH: /Users/marpaia/devtools/buck/bin


## ----------- ##
## Core tests. ##
## ----------- ##

configure:2756: checking for a BSD-compatible install
configure:2824: result: /usr/bin/install -c
configure:2835: checking whether build environment is sane
configure:2885: result: yes
configure:3026: checking for a thread-safe mkdir -p
configure:3065: result: ./install-sh -c -d
configure:3078: checking for gawk
configure:3108: result: no
configure:3078: checking for mawk
configure:3108: result: no
configure:3078: checking for nawk
configure:3108: result: no
configure:3078: checking for awk
configure:3094: found /usr/bin/awk
configure:3105: result: awk
configure:3116: checking whether make sets $(MAKE)
configure:3138: result: yes
configure:3277: checking for gcc
configure:3293: found /usr/bin/gcc
configure:3304: result: gcc
configure:3533: checking for C compiler version
configure:3542: gcc --version >&5
Apple LLVM version 6.0 (clang-600.0.56) (based on LLVM 3.5svn)
Target: x86_64-apple-darwin14.0.0
Thread model: posix
Configured with: --prefix=/Applications/Xcode.app/Contents/Developer/usr --with-gxx-include-dir=/usr/include/c++/4.2.1
configure:3553: $? = 0
configure:3542: gcc -v >&5
Configured with: --prefix=/Applications/Xcode.app/Contents/Developer/usr --with-gxx-include-dir=/usr/include/c++/4.2.1
Apple LLVM version 6.0 (clang-600.0.56) (based on LLVM 3.5svn)
Target: x86_64-apple-darwin14.0.0
Thread model: posix
configure:3553: $? = 0
configure:3542: gcc -V >&5

## ---------------- ##
## Cache variables. ##
## ---------------- ##

ac_cv_env_CCC_set=
ac_cv_env_CCC_value=
ac_cv_env_CC_set=
ac_cv_env_CC_value=
ac_cv_env_CFLAGS_set=
ac_cv_env_CFLAGS_value=
ac_cv_env_CPPFLAGS_set=
ac_cv_env_CPPFLAGS_value=
ac_cv_env_CPP_set=
ac_cv_env_CPP_value=
ac_cv_env_CXXCPP_set=
ac_cv_env_CXXCPP_value=
ac_cv_env_CXXFLAGS_set=
ac_cv_env_CXXFLAGS_value=
ac_cv_env_CXX_set=
ac_cv_env_CXX_value=
ac_cv_env_LDFLAGS_set=
ac_cv_env_LDFLAGS_value=
ac_cv_env_LIBS_set=
ac_cv_env_LIBS_value=
ac_cv_env_build_alias_set=
ac_cv_env_build_alias_value=
ac_cv_env_host_alias_set=
ac_cv_env_host_alias_value=
ac_cv_env_target_alias_set=
ac_cv_env_target_alias_value=
ac_cv_path_install='/usr/bin/install -c'
ac_cv_prog_AWK=awk
ac_cv_prog_ac_ct_CC=gcc
ac_cv_prog_make_make_set=yes

## ----------------- ##
## Output variables. ##
## ----------------- ##

ACLOCAL='${SHELL} /Users/marpaia/git/glog/missing --run aclocal-1.11'
AMDEPBACKSLASH=''
AMDEP_FALSE=''
AMDEP_TRUE=''
AMTAR='$${TAR-tar}'
AR=''
AUTOCONF='${SHELL} /Users/marpaia/git/glog/missing --run autoconf'
AUTOHEADER='${SHELL} /Users/marpaia/git/glog/missing --run autoheader'
AUTOMAKE='${SHELL} /Users/marpaia/git/glog/missing --run automake-1.11'
AWK='awk'
CC='gcc'
CCDEPMODE=''
CFLAGS=''
CPP=''
CPPFLAGS=''
CXX=''
CXXCPP=''
CXXDEPMODE=''
CXXFLAGS=''
CYGPATH_W='echo'
DEFS=''
DEPDIR=''
DISABLE_RTTI_FALSE=''
DISABLE_RTTI_TRUE=''
DLLTOOL=''
DSYMUTIL=''
DUMPBIN=''
ECHO_C='\c'
ECHO_N=''
ECHO_T=''
EGREP=''
ENABLE_FRAME_POINTERS_FALSE=''
ENABLE_FRAME_POINTERS_TRUE=''
EXEEXT=''
FGREP=''
GCC_FALSE=''
GCC_TRUE=''
GFLAGS_CFLAGS=''
GFLAGS_LIBS=''
GMOCK_CFLAGS=''
GMOCK_CONFIG=''
GMOCK_LIBS=''
GREP=''
GTEST_CFLAGS=''
GTEST_CONFIG=''
GTEST_LIBS=''
HAVE_GMOCK_FALSE=''
HAVE_GMOCK_TRUE=''
INSTALL_DATA='${INSTALL} -m 644'
INSTALL_PROGRAM='${INSTALL}'
INSTALL_SCRIPT='${INSTALL}'
INSTALL_STRIP_PROGRAM='$(install_sh) -c -s'
LD=''
LDFLAGS=''
LIBOBJS=''
LIBS=''
LIBTOOL=''
LIBTOOL_DEPS=''
LIPO=''
LN_S=''
LTLIBOBJS=''
MAKEINFO='${SHELL} /Users/marpaia/git/glog/missing --run makeinfo'
MANIFEST_TOOL=''
MINGW_CFLAGS=''
MKDIR_P='./install-sh -c -d'
NM=''
NMEDIT=''
OBJDUMP=''
OBJEXT=''
OTOOL64=''
OTOOL=''
PACKAGE='glog'
PACKAGE_BUGREPORT='opensource@google.com'
PACKAGE_NAME='glog'
PACKAGE_STRING='glog 0.3.3'
PACKAGE_TARNAME='glog'
PACKAGE_URL=''
PACKAGE_VERSION='0.3.3'
PATH_SEPARATOR=':'
PTHREAD_CC=''
PTHREAD_CFLAGS=''
PTHREAD_LIBS=''
RANLIB=''
SED=''
SET_MAKE=''
SHELL='/bin/sh'
STRIP=''
UNWIND_LIBS=''
VERSION='0.3.3'
X86_64_FALSE=''
X86_64_TRUE=''
ac_ct_AR=''
ac_ct_CC='gcc'
ac_ct_CXX=''
ac_ct_DUMPBIN=''
ac_cv___attribute___noinline=''
ac_cv___attribute___noreturn=''
ac_cv___attribute___printf_4_5=''
ac_cv_cxx_using_operator=''
ac_cv_have___builtin_expect=''
ac_cv_have___uint16=''
ac_cv_have_inttypes_h=''
ac_cv_have_libgflags=''
ac_cv_have_stdint_h=''
ac_cv_have_systypes_h=''
ac_cv_have_u_int16_t=''
ac_cv_have_uint16_t=''
ac_cv_have_unistd_h=''
ac_google_end_namespace=''
ac_google_namespace=''
ac_google_start_namespace=''
acx_pthread_config=''
am__EXEEXT_FALSE=''
am__EXEEXT_TRUE=''
am__fastdepCC_FALSE=''
am__fastdepCC_TRUE=''
am__fastdepCXX_FALSE=''
am__fastdepCXX_TRUE=''
am__include=''
am__isrc=''
am__leading_dot='.'
am__nodep=''
am__quote=''
am__tar='$${TAR-tar} chof - "$$tardir"'
am__untar='$${TAR-tar} xf -'
bindir='${exec_prefix}/bin'
build=''
build_alias=''
build_cpu=''
build_os=''
build_vendor=''
datadir='${datarootdir}'
datarootdir='${prefix}/share'
docdir='${datarootdir}/doc/${PACKAGE_TARNAME}'
dvidir='${docdir}'
exec_prefix='NONE'
host=''
host_alias=''
host_cpu=''
host_os=''
host_vendor=''
htmldir='${docdir}'
includedir='${prefix}/include'
infodir='${datarootdir}/info'
install_sh='${SHELL} /Users/marpaia/git/glog/install-sh'
libdir='${exec_prefix}/lib'
libexecdir='${exec_prefix}/libexec'
localedir='${datarootdir}/locale'
localstatedir='${prefix}/var'
mandir='${datarootdir}/man'
mkdir_p='$(top_builddir)/./install-sh -c -d'
oldincludedir='/usr/include'
pdfdir='${docdir}'
prefix='NONE'
program_transform_name='s,x,x,'
psdir='${docdir}'
sbindir='${exec_prefix}/sbin'
sharedstatedir='${prefix}/com'
sysconfdir='${prefix}/etc'
target_alias=''

## ----------- ##
## confdefs.h. ##
## ----------- ##

/* confdefs.h */
#define PACKAGE_NAME "glog"
#define PACKAGE_TARNAME "glog"
#define PACKAGE_VERSION "0.3.3"
#define PACKAGE_STRING "glog 0.3.3"
#define PACKAGE_BUGREPORT "opensource@google.com"
#define PACKAGE_URL ""
#define PACKAGE "glog"
#define VERSION "0.3.3"

configure: caught signal 2
configure: exit 1
